<?xml version="1.0" encoding="UTF-8"?>
<!-- Generated by org.testng.reporters.JUnitReportReporter -->
<testsuite hostname="Abduls-MacBook-Air-2.local" failures="0" tests="1" name="com.testcases.writeexceltest" time="1.514" errors="0" timestamp="2021-06-29T18:31:56 IST" skipped="0">
  <testcase classname="com.testcases.writeexceltest" name="writetest" time="1.514"/>
  <system-out/>
</testsuite> <!-- com.testcases.writeexceltest -->
